<Events>
  <!-- Event 1: Failed Login Attempt -->
  <Event xmlns="http://schemas.microsoft.com/win/2004/08/events/event">
    <System>
      <Provider Name="Microsoft-Windows-Security-Auditing" Guid="{54849625-5478-4994-A5BA-3E3B0328C30D}" />
      <EventID>4625</EventID>
      <Version>0</Version>
      <Level>0</Level>
      <Task>12544</Task>
      <Opcode>0</Opcode>
      <Keywords>0x8010000000000000</Keywords>
      <TimeCreated SystemTime="2023-10-01T12:00:00.0000000Z" />
      <EventRecordID>1</EventRecordID>
      <Correlation />
      <Execution ProcessID="500" ThreadID="1000" />
      <Channel>Security</Channel>
      <Computer>WIN-EXAMPLEPC</Computer>
      <Security />
    </System>
    <EventData>
      <Data Name="SubjectUserSid">S-1-0-0</Data>
      <Data Name="SubjectUserName">-</Data>
      <Data Name="SubjectDomainName">-</Data>
      <Data Name="SubjectLogonId">0x0</Data>
      <Data Name="TargetUserSid">S-1-0-0</Data>
      <Data Name="TargetUserName">Administrator</Data>
      <Data Name="TargetDomainName">WIN-EXAMPLEPC</Data>
      <Data Name="Status">0xC000006A</Data>
      <Data Name="FailureReason">%%2313</Data>
      <Data Name="SubStatus">0xC0000064</Data>
      <Data Name="LogonType">3</Data>
      <Data Name="LogonProcessName">NtLmSsp</Data>
      <Data Name="AuthenticationPackageName">NTLM</Data>
      <Data Name="WorkstationName">WIN-EXAMPLEPC</Data>
      <Data Name="TransmittedServices">-</Data>
      <Data Name="LmPackageName">-</Data>
      <Data Name="KeyLength">0</Data>
      <Data Name="ProcessId">0x0</Data>
      <Data Name="ProcessName">-</Data>
      <Data Name="IpAddress">192.168.1.100</Data>
      <Data Name="IpPort">0</Data>
    </EventData>
  </Event>

  <!-- Event 2: Successful Login -->
  <Event xmlns="http://schemas.microsoft.com/win/2004/08/events/event">
    <System>
      <Provider Name="Microsoft-Windows-Security-Auditing" Guid="{54849625-5478-4994-A5BA-3E3B0328C30D}" />
      <EventID>4624</EventID>
      <Version>0</Version>
      <Level>0</Level>
      <Task>12544</Task>
      <Opcode>0</Opcode>
      <Keywords>0x8010000000000000</Keywords>
      <TimeCreated SystemTime="2023-10-01T12:00:05.0000000Z" />
      <EventRecordID>2</EventRecordID>
      <Correlation />
      <Execution ProcessID="500" ThreadID="1000" />
      <Channel>Security</Channel>
      <Computer>WIN-EXAMPLEPC</Computer>
      <Security />
    </System>
    <EventData>
      <Data Name="SubjectUserSid">S-1-5-21-3623811015-3361044348-30300820-1013</Data>
      <Data Name="SubjectUserName">JohnDoe</Data>
      <Data Name="SubjectDomainName">WIN-EXAMPLEPC</Data>
      <Data Name="SubjectLogonId">0x1A2B3C</Data>
      <Data Name="TargetUserSid">S-1-5-21-3623811015-3361044348-30300820-1013</Data>
      <Data Name="TargetUserName">JohnDoe</Data>
      <Data Name="TargetDomainName">WIN-EXAMPLEPC</Data>
      <Data Name="LogonType">2</Data>
      <Data Name="LogonProcessName">User32</Data>
      <Data Name="AuthenticationPackageName">Negotiate</Data>
      <Data Name="WorkstationName">WIN-EXAMPLEPC</Data>
      <Data Name="IpAddress">192.168.1.101</Data>
      <Data Name="IpPort">0</Data>
    </EventData>
  </Event>

  <!-- Event 3: Failed Login Attempt -->
  <Event xmlns="http://schemas.microsoft.com/win/2004/08/events/event">
    <System>
      <Provider Name="Microsoft-Windows-Security-Auditing" Guid="{54849625-5478-4994-A5BA-3E3B0328C30D}" />
      <EventID>4625</EventID>
      <Version>0</Version>
      <Level>0</Level>
      <Task>12544</Task>
      <Opcode>0</Opcode>
      <Keywords>0x8010000000000000</Keywords>
      <TimeCreated SystemTime="2023-10-01T12:00:10.0000000Z" />
      <EventRecordID>3</EventRecordID>
      <Correlation />
      <Execution ProcessID="500" ThreadID="1000" />
      <Channel>Security</Channel>
      <Computer>WIN-EXAMPLEPC</Computer>
      <Security />
    </System>
    <EventData>
      <Data Name="SubjectUserSid">S-1-0-0</Data>
      <Data Name="SubjectUserName">-</Data>
      <Data Name="SubjectDomainName">-</Data>
      <Data Name="SubjectLogonId">0x0</Data>
      <Data Name="TargetUserSid">S-1-0-0</Data>
      <Data Name="TargetUserName">Admin</Data>
      <Data Name="TargetDomainName">WIN-EXAMPLEPC</Data>
      <Data Name="Status">0xC000006A</Data>
      <Data Name="FailureReason">%%2313</Data>
      <Data Name="SubStatus">0xC0000064</Data>
      <Data Name="LogonType">3</Data>
      <Data Name="LogonProcessName">NtLmSsp</Data>
      <Data Name="AuthenticationPackageName">NTLM</Data>
      <Data Name="WorkstationName">WIN-EXAMPLEPC</Data>
      <Data Name="TransmittedServices">-</Data>
      <Data Name="LmPackageName">-</Data>
      <Data Name="KeyLength">0</Data>
      <Data Name="ProcessId">0x0</Data>
      <Data Name="ProcessName">-</Data>
      <Data Name="IpAddress">192.168.1.100</Data>
      <Data Name="IpPort">0</Data>
    </EventData>
  </Event>

  <!-- Event 4: Event Log Service Started -->
  <Event xmlns="http://schemas.microsoft.com/win/2004/08/events/event">
    <System>
      <Provider Name="Microsoft-Windows-Eventlog" Guid="{fc65ddd8-d6ef-4962-83d5-6e5cfe9ce148}" />
      <EventID>6005</EventID>
      <Version>0</Version>
      <Level>4</Level>
      <Task>0</Task>
      <Opcode>0</Opcode>
      <Keywords>0x80000000000000</Keywords>
      <TimeCreated SystemTime="2023-10-01T12:00:15.0000000Z" />
      <EventRecordID>4</EventRecordID>
      <Correlation />
      <Execution ProcessID="800" ThreadID="1200" />
      <Channel>System</Channel>
      <Computer>WIN-EXAMPLEPC</Computer>
      <Security />
    </System>
    <EventData>
      <Data>The Event log service was started.</Data>
    </EventData>
  </Event>

  <!-- Event 5: Failed Login Attempt -->
  <Event xmlns="http://schemas.microsoft.com/win/2004/08/events/event">
    <System>
      <Provider Name="Microsoft-Windows-Security-Auditing" Guid="{54849625-5478-4994-A5BA-3E3B0328C30D}" />
      <EventID>4625</EventID>
      <Version>0</Version>
      <Level>0</Level>
      <Task>12544</Task>
      <Opcode>0</Opcode>
      <Keywords>0x8010000000000000</Keywords>
      <TimeCreated SystemTime="2023-10-01T12:00:20.0000000Z" />
      <EventRecordID>5</EventRecordID>
      <Correlation />
      <Execution ProcessID="500" ThreadID="1000" />
      <Channel>Security</Channel>
      <Computer>WIN-EXAMPLEPC</Computer>
      <Security />
    </System>
    <EventData>
      <Data Name="SubjectUserSid">S-1-0-0</Data>
      <Data Name="SubjectUserName">-</Data>
      <Data Name="SubjectDomainName">-</Data>
      <Data Name="SubjectLogonId">0x0</Data>
      <Data Name="TargetUserSid">S-1-0-0</Data>
      <Data Name="TargetUserName">Guest</Data>
      <Data Name="TargetDomainName">WIN-EXAMPLEPC</Data>
      <Data Name="Status">0xC000006A</Data>
      <Data Name="FailureReason">%%2313</Data>
      <Data Name="SubStatus">0xC0000064</Data>
      <Data Name="LogonType">3</Data>
      <Data Name="LogonProcessName">NtLmSsp</Data>
      <Data Name="AuthenticationPackageName">NTLM</Data>
      <Data Name="WorkstationName">WIN-EXAMPLEPC</Data>
      <Data Name="TransmittedServices">-</Data>
      <Data Name="LmPackageName">-</Data>
      <Data Name="KeyLength">0</Data>
      <Data Name="ProcessId">0x0</Data>
      <Data Name="ProcessName">-</Data>
      <Data Name="IpAddress">192.168.1.100</Data>
      <Data Name="IpPort">0</Data>
    </EventData>
  </Event>

  <!-- Event 6: System Wake from Sleep -->
  <Event xmlns="http://schemas.microsoft.com/win/2004/08/events/event">
    <System>
      <Provider Name="Microsoft-Windows-Power-Troubleshooter" Guid="{A68CA8B7-004F-D7B6-A698-07E2DE0F1F5D}" />
      <EventID>1</EventID>
      <Version>0</Version>
      <Level>4</Level>
      <Task>0</Task>
      <Opcode>0</Opcode>
      <Keywords>0x80000000000000</Keywords>
      <TimeCreated SystemTime="2023-10-01T12:00:25.0000000Z" />
      <EventRecordID>6</EventRecordID>
      <Correlation />
      <Execution ProcessID="1200" ThreadID="1400" />
      <Channel>System</Channel>
      <Computer>WIN-EXAMPLEPC</Computer>
      <Security />
    </System>
    <EventData>
      <Data>The system has returned from a low power state.</Data>
      <Data>Sleep Time: 2023-10-01T11:55:00.0000000Z</Data>
      <Data>Wake Time: 2023-10-01T12:00:25.0000000Z</Data>
    </EventData>
  </Event>

  <!-- Event 7: Failed Login Attempt -->
  <Event xmlns="http://schemas.microsoft.com/win/2004/08/events/event">
    <System>
      <Provider Name="Microsoft-Windows-Security-Auditing" Guid="{54849625-5478-4994-A5BA-3E3B0328C30D}" />
      <EventID>4625</EventID>
      <Version>0</Version>
      <Level>0</Level>
      <Task>12544</Task>
      <Opcode>0</Opcode>
      <Keywords>0x8010000000000000</Keywords>
      <TimeCreated SystemTime="2023-10-01T12:00:30.0000000Z" />
      <EventRecordID>7</EventRecordID>
      <Correlation />
      <Execution ProcessID="500" ThreadID="1000" />
      <Channel>Security</Channel>
      <Computer>WIN-EXAMPLEPC</Computer>
      <Security />
    </System>
    <EventData>
      <Data Name="SubjectUserSid">S-1-0-0</Data>
      <Data Name="SubjectUserName">-</Data>
      <Data Name="SubjectDomainName">-</Data>
      <Data Name="SubjectLogonId">0x0</Data>
      <Data Name="TargetUserSid">S-1-0-0</Data>
      <Data Name="TargetUserName">User123</Data>
      <Data Name="TargetDomainName">WIN-EXAMPLEPC</Data>
      <Data Name="Status">0xC000006A</Data>
      <Data Name="FailureReason">%%2313</Data>
      <Data Name="SubStatus">0xC0000064</Data>
      <Data Name="LogonType">3</Data>
      <Data Name="LogonProcessName">NtLmSsp</Data>
      <Data Name="AuthenticationPackageName">NTLM</Data>
      <Data Name="WorkstationName">WIN-EXAMPLEPC</Data>
      <Data Name="TransmittedServices">-</Data>
      <Data Name="LmPackageName">-</Data>
      <Data Name="KeyLength">0</Data>
      <Data Name="ProcessId">0x0</Data>
      <Data Name="ProcessName">-</Data>
      <Data Name="IpAddress">192.168.1.100</Data>
      <Data Name="IpPort">0</Data>
    </EventData>
  </Event>

  <!-- Event 8: Windows Update Service Started -->
  <Event xmlns="http://schemas.microsoft.com/win/2004/08/events/event">
    <System>
      <Provider Name="Microsoft-Windows-Service Control Manager" Guid="{555908d1-a6d7-4695-8e1e-26931d2012f4}" />
      <EventID>7036</EventID>
      <Version>0</Version>
      <Level>4</Level>
      <Task>0</Task>
      <Opcode>0</Opcode>
      <Keywords>0x8080000000000000</Keywords>
      <TimeCreated SystemTime="2023-10-01T12:00:35.0000000Z" />
      <EventRecordID>8</EventRecordID>
      <Correlation />
      <Execution ProcessID="900" ThreadID="1300" />
      <Channel>System</Channel>
      <Computer>WIN-EXAMPLEPC</Computer>
      <Security />
    </System>
    <EventData>
      <Data Name="param1">Windows Update</Data>
      <Data Name="param2">running</Data>
    </EventData>
  </Event>

  <!-- Event 9: Successful Login -->
  <Event xmlns="http://schemas.microsoft.com/win/2004/08/events/event">
    <System>
      <Provider Name="Microsoft-Windows-Security-Auditing" Guid="{54849625-5478-4994-A5BA-3E3B0328C30D}" />
      <EventID>4624</EventID>
      <Version>0</Version>
      <Level>0</Level>
      <Task>12544</Task>
      <Opcode>0</Opcode>
      <Keywords>0x8010000000000000</Keywords>
      <TimeCreated SystemTime="2023-10-01T12:00:40.0000000Z" />
      <EventRecordID>9</EventRecordID>
      <Correlation />
      <Execution ProcessID="500" ThreadID="1000" />
      <Channel>Security</Channel>
      <Computer>WIN-EXAMPLEPC</Computer>
      <Security />
    </System>
    <EventData>
      <Data Name="SubjectUserSid">S-1-5-21-3623811015-3361044348-30300820-1014</Data>
      <Data Name="SubjectUserName">JaneDoe</Data>
      <Data Name="SubjectDomainName">WIN-EXAMPLEPC</Data>
      <Data Name="SubjectLogonId">0x2B3C4D</Data>
      <Data Name="TargetUserSid">S-1-5-21-3623811015-3361044348-30300820-1014</Data>
      <Data Name="TargetUserName">JaneDoe</Data>
      <Data Name="TargetDomainName">WIN-EXAMPLEPC</Data>
      <Data Name="LogonType">2</Data>
      <Data Name="LogonProcessName">User32</Data>
      <Data Name="AuthenticationPackageName">Negotiate</Data>
      <Data Name="WorkstationName">WIN-EXAMPLEPC</Data>
      <Data Name="IpAddress">192.168.1.102</Data>
      <Data Name="IpPort">0</Data>
    </EventData>
  </Event>

  <!-- Event 10: Failed Login Attempt -->
  <Event xmlns="http://schemas.microsoft.com/win/2004/08/events/event">
    <System>
      <Provider Name="Microsoft-Windows-Security-Auditing" Guid="{54849625-5478-4994-A5BA-3E3B0328C30D}" />
      <EventID>4625</EventID>
      <Version>0</Version>
      <Level>0</Level>
      <Task>12544</Task>
      <Opcode>0</Opcode>
      <Keywords>0x8010000000000000</Keywords>
      <TimeCreated SystemTime="2023-10-01T12:00:45.0000000Z" />
      <EventRecordID>10</EventRecordID>
      <Correlation />
      <Execution ProcessID="500" ThreadID="1000" />
      <Channel>Security</Channel>
      <Computer>WIN-EXAMPLEPC</Computer>
      <Security />
    </System>
    <EventData>
      <Data Name="SubjectUserSid">S-1-0-0</Data>
      <Data Name="SubjectUserName">-</Data>
      <Data Name="SubjectDomainName">-</Data>
      <Data Name="SubjectLogonId">0x0</Data>
      <Data Name="TargetUserSid">S-1-0-0</Data>
      <Data Name="TargetUserName">TestUser</Data>
      <Data Name="TargetDomainName">WIN-EXAMPLEPC</Data>
      <Data Name="Status">0xC000006A</Data>
      <Data Name="FailureReason">%%2313</Data>
      <Data Name="SubStatus">0xC0000064</Data>
      <Data Name="LogonType">3</Data>
      <Data Name="LogonProcessName">NtLmSsp</Data>
      <Data Name="AuthenticationPackageName">NTLM</Data>
      <Data Name="WorkstationName">WIN-EXAMPLEPC</Data>
      <Data Name="TransmittedServices">-</Data>
      <Data Name="LmPackageName">-</Data>
      <Data Name="KeyLength">0</Data>
      <Data Name="ProcessId">0x0</Data>
      <Data Name="ProcessName">-</Data>
      <Data Name="IpAddress">192.168.1.100</Data>
      <Data Name="IpPort">0</Data>
    </EventData>
  </Event>

  <!-- Add more events here... -->
</Events>